[2023-11-26 20:09:36] [ INFO ] [ClinicaOdontologicaProyectoApplication:15] logeando
[2023-11-26 20:09:52] [ INFO ] [ClinicaOdontologicaProyectoApplication:15] logeando
[2023-11-26 21:51:47] [ INFO ] [ClinicaOdontologicaProyectoApplication:13] Iniciando Logger desde main
[2023-11-26 23:52:40] [ INFO ] [ClinicaOdontologicaProyectoApplication:13] Iniciando Logger desde main
[2023-11-27 17:10:07] [ INFO ] [OdontologoServiceTest:35] Iniciando test de Actualizar
[2023-11-27 17:10:08] [ INFO ] [OdontologoServiceTest:23] Iniciando test de Guardado
[2023-11-27 17:10:08] [ INFO ] [OdontologoServiceTest:60] Iniciando test de Eliminar
[2023-11-27 17:41:12] [ INFO ] [OdontologoServiceTest:35] Iniciando test de Actualizar
[2023-11-27 17:41:13] [ INFO ] [OdontologoServiceTest:23] Iniciando test de Guardado
[2023-11-27 17:41:13] [ INFO ] [OdontologoServiceTest:60] Iniciando test de Eliminar
[2023-11-27 17:41:21] [ INFO ] [ClinicaOdontologicaProyectoApplication:13] Iniciando Logger desde main
[2023-11-27 17:46:32] [ INFO ] [ClinicaOdontologicaProyectoApplication:13] Iniciando Logger desde main
[2023-11-27 20:40:14] [ INFO ] [ClinicaOdontologicaProyectoApplication:12] Iniciando Logger desde main
[2023-11-27 20:52:24] [ INFO ] [ClinicaOdontologicaProyectoApplication:12] Iniciando Logger desde main
[2023-11-27 20:54:05] [ INFO ] [ClinicaOdontologicaProyectoApplication:12] Iniciando Logger desde main
[2023-11-27 20:55:27] [ INFO ] [ClinicaOdontologicaProyectoApplication:12] Iniciando Logger desde main
[2023-11-27 20:57:35] [ INFO ] [ClinicaOdontologicaProyectoApplication:12] Iniciando Logger desde main
[2023-11-27 21:18:02] [ INFO ] [ClinicaOdontologicaProyectoApplication:12] Iniciando Logger desde main
[2023-11-28 19:47:33] [ INFO ] [OdontologoServiceTest:35] Iniciando test de Actualizar
[2023-11-28 19:47:33] [ INFO ] [OdontologoServiceTest:23] Iniciando test de Guardado
[2023-11-28 19:47:33] [ INFO ] [OdontologoServiceTest:60] Iniciando test de Eliminar
[2023-11-28 19:49:23] [ INFO ] [ClinicaOdontologicaProyectoApplication:12] Iniciando Logger desde main
[2023-11-28 19:52:21] [ INFO ] [ClinicaOdontologicaProyectoApplication:12] Iniciando Logger desde main
[2023-11-28 20:34:11] [ INFO ] [ClinicaOdontologicaProyectoApplication:12] Iniciando Logger desde main
[2023-11-28 20:36:18] [ INFO ] [ClinicaOdontologicaProyectoApplication:12] Iniciando Logger desde main
[2023-11-28 20:54:04] [ INFO ] [ClinicaOdontologicaProyectoApplication:12] Iniciando Logger desde main
[2023-11-28 20:55:33] [ INFO ] [ClinicaOdontologicaProyectoApplication:12] Iniciando Logger desde main
[2023-11-28 20:59:19] [ INFO ] [ClinicaOdontologicaProyectoApplication:12] Iniciando Logger desde main
[2023-11-28 20:59:35] [ INFO ] [ClinicaOdontologicaProyectoApplication:12] Iniciando Logger desde main
[2023-11-28 21:01:43] [ INFO ] [ClinicaOdontologicaProyectoApplication:12] Iniciando Logger desde main
[2023-11-28 21:07:37] [ INFO ] [ClinicaOdontologicaProyectoApplication:12] Iniciando Logger desde main
[2023-11-28 21:10:40] [ INFO ] [ClinicaOdontologicaProyectoApplication:12] Iniciando Logger desde main
[2023-11-28 21:50:44] [ INFO ] [ClinicaOdontologicaProyectoApplication:12] Iniciando Logger desde main
[2023-11-28 21:52:11] [ INFO ] [ClinicaOdontologicaProyectoApplication:12] Iniciando Logger desde main
[2023-11-28 23:57:43] [ INFO ] [ClinicaOdontologicaProyectoApplication:12] Iniciando Logger desde main
[2023-11-28 23:59:00] [ INFO ] [ClinicaOdontologicaProyectoApplication:12] Iniciando Logger desde main
[2023-11-29 00:00:29] [ INFO ] [ClinicaOdontologicaProyectoApplication:12] Iniciando Logger desde main
[2023-11-29 18:56:13] [ INFO ] [ClinicaOdontologicaProyectoApplication:12] Iniciando Logger desde main
[2023-11-29 19:08:34] [ INFO ] [ClinicaOdontologicaProyectoApplication:12] Iniciando Logger desde main
[2023-11-29 19:09:05] [ INFO ] [ClinicaOdontologicaProyectoApplication:12] Iniciando Logger desde main
[2023-11-29 19:10:35] [ INFO ] [ClinicaOdontologicaProyectoApplication:12] Iniciando Logger desde main
[2023-11-29 20:21:01] [ INFO ] [ClinicaOdontologicaProyectoApplication:12] Iniciando Logger desde main
[2023-11-29 20:23:53] [ INFO ] [ClinicaOdontologicaProyectoApplication:12] Iniciando Logger desde main
[2023-11-29 20:25:52] [ INFO ] [ClinicaOdontologicaProyectoApplication:12] Iniciando Logger desde main
[2023-11-29 20:49:32] [ INFO ] [OdontologoServiceTest:28] Iniciando test de Guardado
[2023-11-29 20:49:32] [ INFO ] [OdontologoServiceTest:41] Iniciando test de Actualizar
[2023-11-29 20:49:32] [ INFO ] [OdontologoServiceTest:67] Iniciando test de Eliminar
[2023-11-29 20:53:54] [ INFO ] [OdontologoServiceTest:28] Iniciando test de Guardado
[2023-11-29 20:53:55] [ INFO ] [OdontologoServiceTest:41] Iniciando test de Actualizar
[2023-11-29 20:53:55] [ INFO ] [OdontologoServiceTest:67] Iniciando test de Eliminar
[2023-11-29 20:56:37] [ INFO ] [OdontologoServiceTest:28] Iniciando test de Guardado
[2023-11-29 20:56:37] [ INFO ] [OdontologoServiceTest:41] Iniciando test de Actualizar
[2023-11-29 20:56:37] [ INFO ] [OdontologoServiceTest:67] Iniciando test de Eliminar
[2023-11-29 20:57:01] [ INFO ] [ClinicaOdontologicaProyectoApplication:12] Iniciando Logger desde main
[2023-11-29 20:58:42] [ INFO ] [ClinicaOdontologicaProyectoApplication:12] Iniciando Logger desde main
[2023-11-29 21:00:48] [ INFO ] [ClinicaOdontologicaProyectoApplication:12] Iniciando Logger desde main
[2023-11-29 21:02:09] [ INFO ] [ClinicaOdontologicaProyectoApplication:12] Iniciando Logger desde main
[2023-11-29 21:04:08] [ INFO ] [ClinicaOdontologicaProyectoApplication:12] Iniciando Logger desde main
[2023-11-29 21:05:48] [ INFO ] [ClinicaOdontologicaProyectoApplication:12] Iniciando Logger desde main
[2023-11-29 21:06:43] [ INFO ] [ClinicaOdontologicaProyectoApplication:12] Iniciando Logger desde main
[2023-11-29 21:09:29] [ INFO ] [ClinicaOdontologicaProyectoApplication:12] Iniciando Logger desde main
[2023-11-29 23:46:50] [ INFO ] [ClinicaOdontologicaProyectoApplication:12] Iniciando Logger desde main
[2023-11-29 23:56:32] [ INFO ] [ClinicaOdontologicaProyectoApplication:12] Iniciando Logger desde main
[2023-11-29 23:59:19] [ INFO ] [ClinicaOdontologicaProyectoApplication:12] Iniciando Logger desde main
[2023-11-30 00:14:05] [ INFO ] [ClinicaOdontologicaProyectoApplication:12] Iniciando Logger desde main
[2023-11-30 00:18:44] [ INFO ] [ClinicaOdontologicaProyectoApplication:12] Iniciando Logger desde main
[2023-11-30 00:20:40] [ INFO ] [ClinicaOdontologicaProyectoApplication:12] Iniciando Logger desde main
[2023-11-30 00:23:09] [ INFO ] [ClinicaOdontologicaProyectoApplication:12] Iniciando Logger desde main
[2023-11-30 00:28:55] [ INFO ] [ClinicaOdontologicaProyectoApplication:12] Iniciando Logger desde main
[2023-11-30 00:34:23] [ INFO ] [ClinicaOdontologicaProyectoApplication:12] Iniciando Logger desde main
[2023-11-30 00:48:44] [ INFO ] [ClinicaOdontologicaProyectoApplication:12] Iniciando Logger desde main
[2023-11-30 01:00:07] [ INFO ] [ClinicaOdontologicaProyectoApplication:12] Iniciando Logger desde main
[2023-11-30 01:00:25] [ INFO ] [ClinicaOdontologicaProyectoApplication:12] Iniciando Logger desde main
[2023-11-30 01:06:27] [ INFO ] [ClinicaOdontologicaProyectoApplication:12] Iniciando Logger desde main
[2023-11-30 01:08:40] [ INFO ] [ClinicaOdontologicaProyectoApplication:12] Iniciando Logger desde main
[2023-11-30 01:09:47] [ INFO ] [ClinicaOdontologicaProyectoApplication:12] Iniciando Logger desde main
[2023-11-30 01:12:49] [ INFO ] [ClinicaOdontologicaProyectoApplication:12] Iniciando Logger desde main
[2023-11-30 01:14:15] [ INFO ] [ClinicaOdontologicaProyectoApplication:12] Iniciando Logger desde main
[2023-11-30 01:19:31] [ INFO ] [OdontologoServiceTest:28] Iniciando test de Guardado
[2023-11-30 01:20:51] [ INFO ] [OdontologoServiceTest:28] Iniciando test de Guardado
[2023-11-30 01:21:16] [ INFO ] [OdontologoServiceTest:28] Iniciando test de Guardado
[2023-11-30 01:23:18] [ INFO ] [OdontologoServiceTest:40] Iniciando test de Actualizar
[2023-11-30 01:23:37] [ INFO ] [OdontologoServiceTest:66] Iniciando test de Eliminar
[2023-11-30 01:23:55] [ INFO ] [OdontologoServiceTest:28] Iniciando test de Guardado
[2023-11-30 01:23:56] [ INFO ] [OdontologoServiceTest:40] Iniciando test de Actualizar
[2023-11-30 01:23:56] [ INFO ] [OdontologoServiceTest:66] Iniciando test de Eliminar
[2023-11-30 01:26:19] [ INFO ] [OdontologoServiceTest:28] Iniciando test de Guardado
[2023-11-30 01:26:36] [ INFO ] [OdontologoServiceTest:28] Iniciando test de Guardado
[2023-11-30 01:26:36] [ INFO ] [OdontologoServiceTest:43] Iniciando test de Actualizar
[2023-11-30 01:26:36] [ INFO ] [OdontologoServiceTest:69] Iniciando test de Eliminar
[2023-11-30 01:28:08] [ INFO ] [OdontologoServiceTest:28] Iniciando test de Guardado
[2023-11-30 01:28:08] [ INFO ] [OdontologoServiceTest:42] Iniciando test de Actualizar
[2023-11-30 01:28:08] [ INFO ] [OdontologoServiceTest:74] Iniciando test de Eliminar
[2023-11-30 12:39:51] [ INFO ] [ClinicaOdontologicaProyectoApplication:12] Iniciando Logger desde main
[2023-11-30 13:25:47] [ INFO ] [ClinicaOdontologicaProyectoApplication:12] Iniciando Logger desde main
[2023-11-30 13:33:22] [ INFO ] [ClinicaOdontologicaProyectoApplication:12] Iniciando Logger desde main
